08/11/22, 13:01:43, 4, 0, :Invalid directory.
08/11/22, 13:01:43, 4, 0, :Invalid directory.
08/11/22, 13:04:28, 4, 0, :Invalid directory.
08/11/22, 13:04:28, 4, 0, :Invalid directory.
08/11/22, 13:21:55, 4, 0, :Invalid directory.
08/11/22, 13:21:55, 4, 0, :Invalid directory.
08/11/22, 13:35:06, 4, 0, :Invalid directory.
08/11/22, 13:35:06, 4, 0, :Invalid directory.
08/11/22, 13:37:06, 4, 0, :Invalid directory.
08/11/22, 13:37:06, 4, 0, :Invalid directory.
08/11/22, 13:41:15, 4, 0, :Invalid directory.
08/11/22, 13:41:15, 4, 0, :Invalid directory.
08/11/22, 13:46:04, 4, 0, :Invalid directory.
08/11/22, 13:46:04, 4, 0, :Invalid directory.
08/11/22, 14:03:00, 4, 0, :Invalid directory.
08/11/22, 14:03:00, 4, 0, :Invalid directory.
08/11/22, 14:08:56, 4, 0, :Invalid directory.
08/11/22, 14:08:56, 4, 0, :Invalid directory.
08/13/22, 22:29:12, 4, 0, :Invalid directory.
08/13/22, 22:29:12, 4, 0, :Invalid directory.
08/13/22, 22:31:15, 4, 0, :Invalid directory.
08/13/22, 22:31:15, 4, 0, :Invalid directory.
08/13/22, 22:33:44, 4, 0, :Invalid directory.
08/13/22, 22:33:44, 4, 0, :Invalid directory.
08/13/22, 22:34:21, 4, 0, :File not found.
08/13/22, 22:34:21, 4, 0, :File not found.
08/27/22, 21:09:09, 4, 0, C:\Users\shwet\Desktop\sanghprojects\sanghprojects\bin\Debug\report\customer_report.rpt:This field name is not known.
08/30/22, 20:34:24, 4, 0, C:\Users\shwet\Desktop\sanghprojects\sanghprojects\bin\Debug\report\customer_report.rpt:This field name is not known.
08/30/22, 20:39:12, 4, 0, C:\Users\shwet\Desktop\sanghprojects\sanghprojects\bin\Debug\report\customer_report.rpt:This field name is not known.
09/06/22, 21:25:27, 4, 0, C:\Users\shwet\Desktop\sanghprojects\sanghprojects\bin\Debug\report\product_report.rpt:Server has not yet been opened.
9/6/2022, 9:26:49 PM, 4, 0, C:\Users\shwet\Desktop\sanghprojects\sanghprojects\bin\Debug\report\product_report.rpt:Server has not yet been opened.
09/07/22, 20:23:02, 4, 0, C:\Users\shwet\Desktop\sanghprojects\sanghprojects\bin\Debug\report\product_report.rpt:Server has not yet been opened.
09/07/22, 20:23:22, 4, 0, C:\Users\shwet\Desktop\sanghprojects\sanghprojects\bin\Debug\report\product_report.rpt:Server has not yet been opened.
09/07/22, 20:29:32, 4, 0, C:\Users\shwet\Desktop\sanghprojects\sanghprojects\bin\Debug\report\product_report.rpt:Server has not yet been opened.
09/07/22, 20:33:15, 4, 0, C:\Users\shwet\Desktop\sanghprojects\sanghprojects\bin\Debug\report\product_report.rpt:Server has not yet been opened.
09/07/22, 20:35:19, 4, 0, C:\Users\shwet\Desktop\sanghprojects\sanghprojects\bin\Debug\report\product_report.rpt:Server has not yet been opened.
09/07/22, 20:36:27, 4, 0, C:\Users\shwet\Desktop\sanghprojects\sanghprojects\bin\Debug\report\product_report.rpt:Server has not yet been opened.
09/07/22, 20:36:31, 4, 0, C:\Users\shwet\Desktop\sanghprojects\sanghprojects\bin\Debug\report\product_report.rpt:Server has not yet been opened.
09/07/22, 20:37:46, 4, 0, C:\Users\shwet\Desktop\sanghprojects\sanghprojects\bin\Debug\report\product_report.rpt:Server has not yet been opened.
09/07/22, 20:39:23, 4, 0, C:\Users\shwet\Desktop\sanghprojects\sanghprojects\bin\Debug\report\product_report.rpt:Server has not yet been opened.
09/07/22, 20:39:28, 4, 0, C:\Users\shwet\Desktop\sanghprojects\sanghprojects\bin\Debug\report\product_report.rpt:Server has not yet been opened.
09/07/22, 20:39:43, 4, 0, C:\Users\shwet\Desktop\sanghprojects\sanghprojects\bin\Debug\report\product_report.rpt:Server has not yet been opened.
09/07/22, 20:41:17, 4, 0, C:\Users\shwet\Desktop\sanghprojects\sanghprojects\bin\Debug\report\product_report.rpt:Server has not yet been opened.
09/07/22, 20:41:31, 4, 0, C:\Users\shwet\Desktop\sanghprojects\sanghprojects\bin\Debug\report\product_report.rpt:Error starting print job. Please check your printer or network connection.
09/07/22, 20:41:57, 4, 0, C:\Users\shwet\Desktop\sanghprojects\sanghprojects\bin\Debug\report\product_report.rpt:Server has not yet been opened.
09/07/22, 20:44:44, 4, 0, C:\Users\shwet\Desktop\sanghprojects\sanghprojects\bin\Debug\report\product_report.rpt:Server has not yet been opened.
09/07/22, 20:49:02, 4, 0, C:\Users\shwet\Desktop\sanghprojects\sanghprojects\bin\Debug\report\product_report.rpt:Server has not yet been opened.
09/07/22, 20:52:15, 4, 0, C:\Users\shwet\Desktop\sanghprojects\sanghprojects\bin\Debug\report\product_report.rpt:Server has not yet been opened.
09/07/22, 20:54:36, 4, 0, C:\Users\shwet\Desktop\sanghprojects\sanghprojects\bin\Debug\report\product_report.rpt:Server has not yet been opened.
09/07/22, 20:58:21, 4, 0, C:\Users\shwet\Desktop\sanghprojects\sanghprojects\bin\Debug\report\product_report.rpt:Server has not yet been opened.
09/07/22, 21:02:13, 4, 0, C:\Users\shwet\Desktop\sanghprojects\sanghprojects\bin\Debug\report\product_report.rpt:Server has not yet been opened.
09/07/22, 21:02:18, 4, 0, C:\Users\shwet\Desktop\sanghprojects\sanghprojects\bin\Debug\report\product_report.rpt:Server has not yet been opened.
09/07/22, 21:03:07, 4, 0, C:\Users\shwet\Desktop\sanghprojects\sanghprojects\bin\Debug\report\product_report.rpt:Server has not yet been opened.
09/07/22, 21:05:09, 4, 0, C:\Users\shwet\Desktop\sanghprojects\sanghprojects\bin\Debug\report\product_report.rpt:Server has not yet been opened.
09/07/22, 21:05:51, 4, 0, C:\Users\shwet\Desktop\sanghprojects\sanghprojects\bin\Debug\report\product_report.rpt:Server has not yet been opened.
09/07/22, 21:08:54, 4, 0, C:\Users\shwet\Desktop\sanghprojects\sanghprojects\bin\Debug\report\product_report.rpt:Server has not yet been opened.
09/07/22, 21:12:09, 4, 0, C:\Users\shwet\Desktop\sanghprojects\sanghprojects\bin\Debug\report\product_reportt.rpt:Server has not yet been opened.
09/07/22, 21:36:13, 4, 0, :File not found.
09/07/22, 21:36:13, 4, 0, :File not found.
09/10/22, 07:41:16, 4, 0, F:\group-2\sanghprojects\sanghprojects\bin\Debug\report\product_id_report.rpt:File not found
09/10/22, 07:41:20, 4, 0, F:\group-2\sanghprojects\sanghprojects\bin\Debug\report\product_id_report.rpt:File not found
09/10/22, 07:41:27, 4, 0, F:\group-2\sanghprojects\sanghprojects\bin\Debug\report\product_reportt.rpt:File not found
09/10/22, 07:41:36, 4, 0, F:\group-2\sanghprojects\sanghprojects\bin\Debug\report\customer_report.rpt:File not found
09/10/22, 00:54:53, 4, 0, :File not found.
09/10/22, 00:54:53, 4, 0, :File not found.
09/10/22, 00:55:21, 4, 0, :File not found.
09/10/22, 00:55:21, 4, 0, :File not found.
09/10/22, 00:56:06, 4, 0, C:\Users\shwet\Desktop\sanghprojects\sanghprojects\bin\Debug\report\comp_id_report.rpt:File not found
09/10/22, 00:56:10, 4, 0, C:\Users\shwet\Desktop\sanghprojects\sanghprojects\bin\Debug\report\comp_id_report.rpt:File not found
09/10/22, 00:56:24, 4, 0, C:\Users\shwet\Desktop\sanghprojects\sanghprojects\bin\Debug\report\comp_mstr_report.rpt:File not found
09/10/22, 01:03:56, 4, 0, C:\group-2\sanghprojects\sanghprojects\bin\Debug\report\comp_id_report.rpt:File not found
09/14/22, 23:46:04, 4, 0, C:\group-2\sanghprojects\sanghprojects\bin\Debug\report\comp_mstr_report.rpt:File not found
09/14/22, 23:46:48, 4, 0, :File not found.
09/14/22, 23:46:48, 4, 0, :File not found.
09/14/22, 23:57:02, 4, 0, :File not found.
09/14/22, 23:57:02, 4, 0, :File not found.
09/16/22, 16:43:11, 4, 0, :File not found.
09/16/22, 16:43:11, 4, 0, :File not found.
09/16/22, 16:43:38, 4, 0, :File not found.
09/16/22, 16:43:38, 4, 0, :File not found.
09/16/22, 16:47:34, 4, 0, :File not found.
09/16/22, 16:47:34, 4, 0, :File not found.
09/18/22, 21:48:08, 4, 0, C:\group-2\sanghprojects\sanghprojects\bin\Debug\report\sale_report.rpt:A string is required here.
09/18/22, 21:57:28, 4, 0, C:\group-2\sanghprojects\sanghprojects\bin\Debug\report\sale_report.rpt:This field name is not known.
09/18/22, 22:24:20, 4, 0, C:\group-2\sanghprojects\sanghprojects\bin\Debug\report\sale_r_report.rpt:A number, currency amount, boolean, date, time, date-time, or string is expected here.
09/20/22, 00:13:09, 4, 0, C:\group-2\sanghprojects\sanghprojects\bin\Debug\report\pro_report.rpt:This field name is not known.
09/20/22, 00:15:10, 4, 0, C:\group-2\sanghprojects\sanghprojects\bin\Debug\report\pur_report.rpt:A string is required here.
09/20/22, 00:16:14, 4, 0, C:\group-2\sanghprojects\sanghprojects\bin\Debug\report\pur_report.rpt:A string is required here.
09/19/22, 16:12:10, 4, 0, C:\group-2\sanghprojects\sanghprojects\bin\Debug\report\pur_report.rpt:A string is required here.
09/19/22, 16:17:39, 4, 0, C:\group-2\sanghprojects\sanghprojects\bin\Debug\report\pur_report.rpt:A string is required here.
09/19/22, 17:08:21, 4, 0, C:\group-2\sanghprojects\sanghprojects\bin\Debug\report\stk_report.rpt:A number, currency amount, boolean, date, time, date-time, or string is expected here.
09/19/22, 17:09:45, 4, 0, C:\group-2\sanghprojects\sanghprojects\bin\Debug\report\stk_report.rpt:A number, currency amount, boolean, date, time, date-time, or string is expected here.
09/19/22, 17:12:30, 4, 0, C:\group-2\sanghprojects\sanghprojects\bin\Debug\report\stk_report.rpt:A number, currency amount, boolean, date, time, date-time, or string is expected here.
09/19/22, 17:14:09, 4, 0, C:\group-2\sanghprojects\sanghprojects\bin\Debug\report\stk_report.rpt:A number, currency amount, boolean, date, time, date-time, or string is expected here.
09/19/22, 17:15:29, 4, 0, C:\group-2\sanghprojects\sanghprojects\bin\Debug\report\stk_report.rpt:A number, currency amount, boolean, date, time, date-time, or string is expected here.
09/19/22, 21:21:24, 4, 0, C:\group-2\sanghprojects\sanghprojects\bin\Debug\report\bill_report.rpt:A number, currency amount, boolean, date, time, date-time, or string is expected here.
09/19/22, 21:23:26, 4, 0, C:\group-2\sanghprojects\sanghprojects\bin\Debug\report\bill_report.rpt:A number, currency amount, boolean, date, time, date-time, or string is expected here.
